Release 14.6 - xst P.68d (nt64)
Copyright (c) 1995-2013 Xilinx, Inc.  All rights reserved.
--> Parameter TMPDIR set to xst/projnav.tmp


Total REAL time to Xst completion: 0.00 secs
Total CPU time to Xst completion: 0.12 secs
 
--> Parameter xsthdpdir set to xst


Total REAL time to Xst completion: 0.00 secs
Total CPU time to Xst completion: 0.12 secs
 
--> Reading design: RAMCtrl.prj

TABLE OF CONTENTS
  1) Synthesis Options Summary
  2) HDL Compilation
  3) Design Hierarchy Analysis
  4) HDL Analysis
  5) HDL Synthesis
     5.1) HDL Synthesis Report
  6) Advanced HDL Synthesis
     6.1) Advanced HDL Synthesis Report
  7) Low Level Synthesis
  8) Partition Report
  9) Final Report

=========================================================================
*                      Synthesis Options Summary                        *
=========================================================================
---- Source Parameters
Input File Name                    : "RAMCtrl.prj"
Input Format                       : mixed
Ignore Synthesis Constraint File   : NO

---- Target Parameters
Output File Name                   : "RAMCtrl"
Output Format                      : NGC
Target Device                      : XC9500XL CPLDs

---- Source Options
Top Module Name                    : RAMCtrl
Automatic FSM Extraction           : YES
FSM Encoding Algorithm             : Auto
Safe Implementation                : Yes
Mux Extraction                     : Yes
Resource Sharing                   : YES

---- Target Options
Add IO Buffers                     : YES
MACRO Preserve                     : YES
XOR Preserve                       : YES
Equivalent register Removal        : YES

---- General Options
Optimization Goal                  : Area
Optimization Effort                : 2
Keep Hierarchy                     : Yes
Netlist Hierarchy                  : Rebuilt
RTL Output                         : Yes
Hierarchy Separator                : /
Bus Delimiter                      : <>
Case Specifier                     : Maintain
Verilog 2001                       : YES

---- Other Options
Clock Enable                       : YES
wysiwyg                            : NO

=========================================================================


=========================================================================
*                          HDL Compilation                              *
=========================================================================
Compiling vhdl file "C:/Users/Matze/Amiga/Hardwarehacks/HArms Professional 030 -RAM/GitHub/Logic/RAm-Ctrl-V3.0-A1k-TK/RAM-Ctrl.vhd" in Library work.
Entity <RAMCtrl> compiled.
Entity <RAMCtrl> (Architecture <Behavioral>) compiled.

=========================================================================
*                     Design Hierarchy Analysis                         *
=========================================================================
Analyzing hierarchy for entity <RAMCtrl> in library <work> (architecture <Behavioral>).


=========================================================================
*                            HDL Analysis                               *
=========================================================================
Analyzing Entity <RAMCtrl> in library <work> (Architecture <Behavioral>).
Entity <RAMCtrl> analyzed. Unit <RAMCtrl> generated.


=========================================================================
*                           HDL Synthesis                               *
=========================================================================

Performing bidirectional port resolution...

Synthesizing Unit <RAMCtrl>.
    Related source file is "C:/Users/Matze/Amiga/Hardwarehacks/HArms Professional 030 -RAM/GitHub/Logic/RAm-Ctrl-V3.0-A1k-TK/RAM-Ctrl.vhd".
WARNING:Xst:647 - Input <ECS> is never used. This port will be preserved and left unconnected if it belongs to a top-level block or it belongs to a sub-block and the hierarchy of this sub-block is preserved.
WARNING:Xst:647 - Input <A<15:14>> is never used. This port will be preserved and left unconnected if it belongs to a top-level block or it belongs to a sub-block and the hierarchy of this sub-block is preserved.
WARNING:Xst:647 - Input <A<8:7>> is never used. This port will be preserved and left unconnected if it belongs to a top-level block or it belongs to a sub-block and the hierarchy of this sub-block is preserved.
WARNING:Xst:1780 - Signal <IDE_W_S> is never used or assigned. This unconnected signal will be trimmed during the optimization process.
WARNING:Xst:1780 - Signal <IDE_R_S> is never used or assigned. This unconnected signal will be trimmed during the optimization process.
WARNING:Xst:646 - Signal <DSACK_32BIT_D3> is assigned but never used. This unconnected signal will be trimmed during the optimization process.
    Found 2-bit tristate buffer for signal <DSACK>.
    Found 1-bit register for signal <nOE>.
    Found 1-bit register for signal <nWE>.
    Found 1-bit register for signal <IDE_R>.
    Found 1-bit register for signal <IDE_W>.
    Found 3-bit register for signal <IDE_A>.
    Found 2-bit register for signal <IDE_CS>.
    Found 1-bit tristate buffer for signal <CIIN>.
    Found 2-bit register for signal <AUTO_CONFIG_DONE>.
    Found 3-bit register for signal <BASEADR>.
    Found 3-bit register for signal <BASEADR_4MB>.
    Found 4-bit tristate buffer for signal <Dout>.
    Found 1-bit register for signal <DSACK_16BIT>.
    Found 1-bit register for signal <DSACK_32BIT>.
    Found 1-bit register for signal <DSACK_32BIT_D0>.
    Found 1-bit register for signal <DSACK_32BIT_D1>.
    Found 1-bit register for signal <DSACK_32BIT_D2>.
    Found 8-bit register for signal <IDE_BASEADR>.
    Found 1-bit register for signal <IDE_DSACK_D0>.
    Found 1-bit register for signal <IDE_DSACK_D1>.
    Found 1-bit register for signal <IDE_DSACK_D2>.
    Found 1-bit register for signal <IDE_DSACK_D3>.
    Found 1-bit register for signal <IDE_ENABLE>.
    Found 16-bit comparator equal for signal <IDE_SPACE$cmp_eq0000> created at line 108.
    Found 4-bit register for signal <Mtridata_Dout> created at line 360.
    Found 1-bit register for signal <Mtrien_Dout> created at line 360.
    Found 11-bit comparator equal for signal <nCS1_S$cmp_eq0000> created at line 125.
    Found 11-bit comparator equal for signal <nCS2_S$cmp_eq0000> created at line 131.
    Found 1-bit register for signal <ROM_OUT_ENABLE_S>.
    Found 2-bit register for signal <SHUT_UP>.
    Summary:
	inferred  33 D-type flip-flop(s).
	inferred   3 Comparator(s).
	inferred   7 Tristate(s).
Unit <RAMCtrl> synthesized.


=========================================================================
HDL Synthesis Report

Macro Statistics
# Registers                                            : 36
 1-bit register                                        : 33
 3-bit register                                        : 2
 4-bit register                                        : 1
# Comparators                                          : 3
 11-bit comparator equal                               : 2
 16-bit comparator equal                               : 1
# Tristates                                            : 3
 1-bit tristate buffer                                 : 1
 2-bit tristate buffer                                 : 1
 4-bit tristate buffer                                 : 1

=========================================================================

=========================================================================
*                       Advanced HDL Synthesis                          *
=========================================================================


=========================================================================
Advanced HDL Synthesis Report

Macro Statistics
# Registers                                            : 33
 Flip-Flops                                            : 33
# Comparators                                          : 3
 11-bit comparator equal                               : 2
 16-bit comparator equal                               : 1

=========================================================================

=========================================================================
*                         Low Level Synthesis                           *
=========================================================================

Optimizing unit <RAMCtrl> ...
  implementation constraint: IOB=auto	 : Mtrien_Dout
  implementation constraint: IOB=auto	 : Mtridata_Dout<3>
  implementation constraint: IOB=auto	 : Mtridata_Dout<2>
  implementation constraint: IOB=auto	 : Mtridata_Dout<1>
  implementation constraint: IOB=auto	 : Mtridata_Dout<0>
  implementation constraint: INIT=s	 : IDE_R
  implementation constraint: INIT=s	 : ROM_OUT_ENABLE_S
  implementation constraint: INIT=s	 : IDE_W
  implementation constraint: INIT=s	 : DSACK_32BIT_D0
  implementation constraint: INIT=s	 : DSACK_32BIT_D1
  implementation constraint: INIT=s	 : DSACK_32BIT_D2
  implementation constraint: INIT=s	 : DSACK_32BIT
  implementation constraint: INIT=s	 : nOE
  implementation constraint: INIT=r	 : IDE_ENABLE
  implementation constraint: INIT=s	 : nWE
  implementation constraint: INIT=s	 : IDE_DSACK_D0
  implementation constraint: INIT=s	 : IDE_DSACK_D1
  implementation constraint: INIT=s	 : IDE_DSACK_D2
  implementation constraint: INIT=s	 : IDE_DSACK_D3
  implementation constraint: INIT=s	 : DSACK_16BIT
  implementation constraint: INIT=r	 : Mtrien_Dout

=========================================================================
*                           Partition Report                            *
=========================================================================

Partition Implementation Status
-------------------------------

  No Partitions were found in this design.

-------------------------------

=========================================================================
*                            Final Report                               *
=========================================================================
Final Results
RTL Top Level Output File Name     : RAMCtrl.ngr
Top Level Output File Name         : RAMCtrl
Output Format                      : NGC
Optimization Goal                  : Area
Keep Hierarchy                     : Yes
Target Technology                  : XC9500XL CPLDs
Macro Preserve                     : YES
XOR Preserve                       : YES
Clock Enable                       : YES
wysiwyg                            : NO

Design Statistics
# IOs                              : 69

Cell Usage :
# BELS                             : 356
#      AND2                        : 93
#      AND3                        : 27
#      AND4                        : 2
#      GND                         : 1
#      INV                         : 157
#      OR2                         : 56
#      OR3                         : 3
#      OR4                         : 1
#      VCC                         : 1
#      XOR2                        : 15
# FlipFlops/Latches                : 43
#      FDCE                        : 14
#      FDP                         : 6
#      FDPE                        : 23
# IO Buffers                       : 64
#      IBUF                        : 36
#      IOBUFE                      : 4
#      OBUF                        : 21
#      OBUFE                       : 3
=========================================================================


Total REAL time to Xst completion: 8.00 secs
Total CPU time to Xst completion: 8.02 secs
 
--> 

Total memory usage is 290068 kilobytes

Number of errors   :    0 (   0 filtered)
Number of warnings :    6 (   0 filtered)
Number of infos    :    0 (   0 filtered)

