Release 14.6 - xst P.68d (nt64)
Copyright (c) 1995-2013 Xilinx, Inc.  All rights reserved.
--> Parameter TMPDIR set to xst/projnav.tmp


Total REAL time to Xst completion: 0.00 secs
Total CPU time to Xst completion: 0.10 secs
 
--> Parameter xsthdpdir set to xst


Total REAL time to Xst completion: 0.00 secs
Total CPU time to Xst completion: 0.10 secs
 
--> Reading design: RAMCtrl.prj

TABLE OF CONTENTS
  1) Synthesis Options Summary
  2) HDL Compilation
  3) Design Hierarchy Analysis
  4) HDL Analysis
  5) HDL Synthesis
     5.1) HDL Synthesis Report
  6) Advanced HDL Synthesis
     6.1) Advanced HDL Synthesis Report
  7) Low Level Synthesis
  8) Partition Report
  9) Final Report

=========================================================================
*                      Synthesis Options Summary                        *
=========================================================================
---- Source Parameters
Input File Name                    : "RAMCtrl.prj"
Input Format                       : mixed
Ignore Synthesis Constraint File   : NO

---- Target Parameters
Output File Name                   : "RAMCtrl"
Output Format                      : NGC
Target Device                      : XC9500XL CPLDs

---- Source Options
Top Module Name                    : RAMCtrl
Automatic FSM Extraction           : YES
FSM Encoding Algorithm             : Auto
Safe Implementation                : Yes
Mux Extraction                     : Yes
Resource Sharing                   : YES

---- Target Options
Add IO Buffers                     : YES
MACRO Preserve                     : YES
XOR Preserve                       : YES
Equivalent register Removal        : YES

---- General Options
Optimization Goal                  : Area
Optimization Effort                : 2
Keep Hierarchy                     : Yes
Netlist Hierarchy                  : Rebuilt
RTL Output                         : Yes
Hierarchy Separator                : /
Bus Delimiter                      : <>
Case Specifier                     : Maintain
Verilog 2001                       : YES

---- Other Options
Clock Enable                       : YES
wysiwyg                            : NO

=========================================================================


=========================================================================
*                          HDL Compilation                              *
=========================================================================
Compiling vhdl file "C:/Users/Matze/Documents/GitHub/68030tk-SRAM_IDE-interface/Logic/RAm-Ctrl-V4.0-A1k-TK/RAM-Ctrl.vhd" in Library work.
Entity <ramctrl> compiled.
Entity <ramctrl> (Architecture <behavioral>) compiled.

=========================================================================
*                     Design Hierarchy Analysis                         *
=========================================================================
Analyzing hierarchy for entity <RAMCtrl> in library <work> (architecture <behavioral>).


=========================================================================
*                            HDL Analysis                               *
=========================================================================
Analyzing Entity <RAMCtrl> in library <work> (Architecture <behavioral>).
Entity <RAMCtrl> analyzed. Unit <RAMCtrl> generated.


=========================================================================
*                           HDL Synthesis                               *
=========================================================================

Performing bidirectional port resolution...

Synthesizing Unit <RAMCtrl>.
    Related source file is "C:/Users/Matze/Documents/GitHub/68030tk-SRAM_IDE-interface/Logic/RAm-Ctrl-V4.0-A1k-TK/RAM-Ctrl.vhd".
WARNING:Xst:647 - Input <ECS> is never used. This port will be preserved and left unconnected if it belongs to a top-level block or it belongs to a sub-block and the hierarchy of this sub-block is preserved.
WARNING:Xst:647 - Input <A<15:14>> is never used. This port will be preserved and left unconnected if it belongs to a top-level block or it belongs to a sub-block and the hierarchy of this sub-block is preserved.
WARNING:Xst:647 - Input <A<8:7>> is never used. This port will be preserved and left unconnected if it belongs to a top-level block or it belongs to a sub-block and the hierarchy of this sub-block is preserved.
WARNING:Xst:647 - Input <IDE_IRQ> is never used. This port will be preserved and left unconnected if it belongs to a top-level block or it belongs to a sub-block and the hierarchy of this sub-block is preserved.
    Found 4-bit tristate buffer for signal <D>.
    Found 2-bit tristate buffer for signal <DSACK>.
    Found 1-bit tristate buffer for signal <CIIN>.
    Found 1-bit register for signal <AUTO_CONFIG_D0>.
    Found 2-bit register for signal <AUTO_CONFIG_DONE>.
    Found 3-bit register for signal <BASEADR>.
    Found 3-bit register for signal <BASEADR_4MB>.
    Found 3-bit adder for signal <BASEADR_4MB$add0000> created at line 393.
    Found 4-bit register for signal <Dout1>.
    Found 4-bit register for signal <Dout2>.
    Found 1-bit register for signal <DSACK_16BIT>.
    Found 1-bit register for signal <DSACK_32BIT>.
    Found 1-bit register for signal <DSACK_32BIT_D0>.
    Found 1-bit register for signal <DSACK_32BIT_D1>.
    Found 1-bit register for signal <DSACK_32BIT_D2>.
    Found 8-bit register for signal <IDE_BASEADR>.
    Found 1-bit register for signal <IDE_DSACK_D0>.
    Found 1-bit register for signal <IDE_DSACK_D1>.
    Found 1-bit register for signal <IDE_DSACK_D2>.
    Found 1-bit register for signal <IDE_DSACK_D3>.
    Found 1-bit register for signal <IDE_ENABLE>.
    Found 1-bit register for signal <IDE_R_S>.
    Found 16-bit comparator equal for signal <IDE_SPACE$cmp_eq0000> created at line 119.
    Found 1-bit register for signal <IDE_W_S>.
    Found 1-bit register for signal <nDS_D0>.
    Found 1-bit register for signal <nDS_D1>.
    Found 11-bit comparator equal for signal <RAM2MB$cmp_eq0000> created at line 111.
    Found 11-bit comparator equal for signal <RAM4MB$cmp_eq0000> created at line 115.
    Found 1-bit register for signal <ROM_OE_S>.
    Found 2-bit register for signal <SHUT_UP>.
    Summary:
	inferred  28 D-type flip-flop(s).
	inferred   1 Adder/Subtractor(s).
	inferred   3 Comparator(s).
	inferred   7 Tristate(s).
Unit <RAMCtrl> synthesized.


=========================================================================
HDL Synthesis Report

Macro Statistics
# Adders/Subtractors                                   : 1
 3-bit adder                                           : 1
# Registers                                            : 32
 1-bit register                                        : 28
 3-bit register                                        : 2
 4-bit register                                        : 2
# Comparators                                          : 3
 11-bit comparator equal                               : 2
 16-bit comparator equal                               : 1
# Tristates                                            : 3
 1-bit tristate buffer                                 : 1
 2-bit tristate buffer                                 : 1
 4-bit tristate buffer                                 : 1

=========================================================================

=========================================================================
*                       Advanced HDL Synthesis                          *
=========================================================================


=========================================================================
Advanced HDL Synthesis Report

Macro Statistics
# Adders/Subtractors                                   : 1
 3-bit adder                                           : 1
# Registers                                            : 28
 Flip-Flops                                            : 28
# Comparators                                          : 3
 11-bit comparator equal                               : 2
 16-bit comparator equal                               : 1

=========================================================================

=========================================================================
*                         Low Level Synthesis                           *
=========================================================================

Optimizing unit <RAMCtrl> ...
  implementation constraint: INIT=s	 : ROM_OE_S
  implementation constraint: INIT=s	 : IDE_W_S
  implementation constraint: INIT=s	 : AUTO_CONFIG_D0
  implementation constraint: INIT=s	 : nDS_D0
  implementation constraint: INIT=s	 : nDS_D1
  implementation constraint: INIT=s	 : DSACK_32BIT_D0
  implementation constraint: INIT=s	 : DSACK_32BIT_D1
  implementation constraint: INIT=s	 : DSACK_32BIT_D2
  implementation constraint: INIT=s	 : IDE_R_S
  implementation constraint: INIT=s	 : DSACK_32BIT
  implementation constraint: INIT=s	 : IDE_DSACK_D0
  implementation constraint: INIT=s	 : IDE_DSACK_D1
  implementation constraint: INIT=s	 : IDE_DSACK_D2
  implementation constraint: INIT=s	 : IDE_DSACK_D3
  implementation constraint: INIT=s	 : DSACK_16BIT
  implementation constraint: INIT=r	 : IDE_ENABLE

=========================================================================
*                           Partition Report                            *
=========================================================================

Partition Implementation Status
-------------------------------

  No Partitions were found in this design.

-------------------------------

=========================================================================
*                            Final Report                               *
=========================================================================
Final Results
RTL Top Level Output File Name     : RAMCtrl.ngr
Top Level Output File Name         : RAMCtrl
Output Format                      : NGC
Optimization Goal                  : Area
Keep Hierarchy                     : Yes
Target Technology                  : XC9500XL CPLDs
Macro Preserve                     : YES
XOR Preserve                       : YES
Clock Enable                       : YES
wysiwyg                            : NO

Design Statistics
# IOs                              : 73

Cell Usage :
# BELS                             : 335
#      AND2                        : 89
#      AND3                        : 23
#      AND4                        : 2
#      GND                         : 1
#      INV                         : 140
#      OR2                         : 57
#      OR3                         : 6
#      VCC                         : 1
#      XOR2                        : 16
# FlipFlops/Latches                : 42
#      FDCE                        : 7
#      FDP                         : 6
#      FDPE                        : 29
# IO Buffers                       : 67
#      IBUF                        : 36
#      IOBUFE                      : 4
#      OBUF                        : 24
#      OBUFE                       : 3
=========================================================================


Total REAL time to Xst completion: 7.00 secs
Total CPU time to Xst completion: 7.67 secs
 
--> 

Total memory usage is 289768 kilobytes

Number of errors   :    0 (   0 filtered)
Number of warnings :    4 (   0 filtered)
Number of infos    :    0 (   0 filtered)

